<?xml version="1.0" encoding="UTF-8"?>
<!-- Generated by org.testng.reporters.JUnitXMLReporter -->
<testsuite ignored="0" hostname="DESKTOP-T6JCMIT" failures="0" tests="6" name="Test" time="0.071" errors="0" timestamp="2021-09-29T21:16:35 BST">
  <testcase classname="mavenpractice.Mavenjava.RESTapiTest" name="iosapp" time="0.007"/>
  <testcase classname="mavenpractice.Mavenjava.RESTapiTest" name="nativeAppAndroid" time="0.0"/>
  <testcase classname="mavenpractice.Mavenjava.AppiumTest" name="deleteTwitter" time="0.0"/>
  <testcase classname="mavenpractice.Mavenjava.AppiumTest" name="postJira" time="0.001"/>
  <testcase classname="mavenpractice.Mavenjava.SeleniumTest" name="BrowserAutomation" time="0.0"/>
  <testcase classname="mavenpractice.Mavenjava.SeleniumTest" name="Elements" time="0.001"/>
</testsuite> <!-- Test -->
