<?xml version="1.0" encoding="UTF-8"?>
<testng-results ignored="0" total="6" passed="6" failed="0" skipped="0">
  <reporter-output>
  </reporter-output>
  <suite started-at="2021-09-29T21:16:35 BST" name="Suite" finished-at="2021-09-29T21:16:35 BST" duration-ms="71">
    <groups>
    </groups>
    <test started-at="2021-09-29T21:16:35 BST" name="Test" finished-at="2021-09-29T21:16:35 BST" duration-ms="71">
      <class name="mavenpractice.Mavenjava.AppiumTest">
        <test-method signature="deleteTwitter()[pri:0, instance:mavenpractice.Mavenjava.AppiumTest@6107227e]" started-at="2021-09-29T21:16:35 BST" name="deleteTwitter" finished-at="2021-09-29T21:16:35 BST" duration-ms="0" status="PASS">
          <reporter-output>
          </reporter-output>
        </test-method> <!-- deleteTwitter -->
        <test-method signature="postJira()[pri:0, instance:mavenpractice.Mavenjava.AppiumTest@6107227e]" started-at="2021-09-29T21:16:35 BST" name="postJira" finished-at="2021-09-29T21:16:35 BST" duration-ms="1" status="PASS">
          <reporter-output>
          </reporter-output>
        </test-method> <!-- postJira -->
      </class> <!-- mavenpractice.Mavenjava.AppiumTest -->
      <class name="mavenpractice.Mavenjava.SeleniumTest">
        <test-method signature="BrowserAutomation()[pri:0, instance:mavenpractice.Mavenjava.SeleniumTest@7c417213]" started-at="2021-09-29T21:16:35 BST" name="BrowserAutomation" finished-at="2021-09-29T21:16:35 BST" duration-ms="0" status="PASS">
          <reporter-output>
          </reporter-output>
        </test-method> <!-- BrowserAutomation -->
        <test-method signature="Elements()[pri:0, instance:mavenpractice.Mavenjava.SeleniumTest@7c417213]" started-at="2021-09-29T21:16:35 BST" name="Elements" finished-at="2021-09-29T21:16:35 BST" duration-ms="1" status="PASS">
          <reporter-output>
          </reporter-output>
        </test-method> <!-- Elements -->
      </class> <!-- mavenpractice.Mavenjava.SeleniumTest -->
      <class name="mavenpractice.Mavenjava.RESTapiTest">
        <test-method signature="iosapp()[pri:0, instance:mavenpractice.Mavenjava.RESTapiTest@6f3b5d16]" started-at="2021-09-29T21:16:35 BST" name="iosapp" finished-at="2021-09-29T21:16:35 BST" duration-ms="7" status="PASS">
          <reporter-output>
          </reporter-output>
        </test-method> <!-- iosapp -->
        <test-method signature="nativeAppAndroid()[pri:0, instance:mavenpractice.Mavenjava.RESTapiTest@6f3b5d16]" started-at="2021-09-29T21:16:35 BST" name="nativeAppAndroid" finished-at="2021-09-29T21:16:35 BST" duration-ms="0" status="PASS">
          <reporter-output>
          </reporter-output>
        </test-method> <!-- nativeAppAndroid -->
      </class> <!-- mavenpractice.Mavenjava.RESTapiTest -->
    </test> <!-- Test -->
  </suite> <!-- Suite -->
</testng-results>
